<?xml version="1.0" encoding="UTF-8"?>
<!-- Generated by org.testng.reporters.JUnitXMLReporter -->
<testsuite ignored="0" hostname="Feuji-V005L-R" failures="0" tests="3" name="Ecommerce_Login" time="39.682" errors="0" timestamp="2024-08-05T10:56:43 IST">
  <testcase classname="testcases.LoginTest" name="loginTest" time="11.558"/>
  <testcase classname="testcases.LoginTest" name="loginTest" time="10.046"/>
  <testcase classname="testcases.LoginTest" name="loginTest" time="12.116"/>
</testsuite> <!-- Ecommerce_Login -->
