<?xml version="1.0" encoding="UTF-8"?>
<testng-results ignored="0" total="3" passed="3" failed="0" skipped="0">
  <reporter-output>
  </reporter-output>
  <suite started-at="2024-08-05T10:56:04 IST" name="Ecommerce Test Suite" finished-at="2024-08-05T10:56:43 IST" duration-ms="39682">
    <groups>
    </groups>
    <test started-at="2024-08-05T10:56:04 IST" name="Ecommerce_Login" finished-at="2024-08-05T10:56:43 IST" duration-ms="39682">
      <class name="testcases.LoginTest">
        <test-method is-config="true" signature="setUp()[pri:0, instance:testcases.LoginTest@702657cc]" started-at="2024-08-05T10:56:04 IST" name="setUp" finished-at="2024-08-05T10:56:09 IST" duration-ms="5775" status="PASS">
          <reporter-output>
          </reporter-output>
        </test-method> <!-- setUp -->
        <test-method signature="loginTest(java.lang.String,java.lang.String,java.lang.String)[pri:0, instance:testcases.LoginTest@702657cc]" started-at="2024-08-05T10:56:09 IST" name="loginTest" data-provider="testData" finished-at="2024-08-05T10:56:21 IST" duration-ms="11558" status="PASS">
          <params>
            <param index="0">
              <value>
                <![CDATA[tom@gmail.com]]>
              </value>
            </param>
            <param index="1">
              <value>
                <![CDATA[Tom123]]>
              </value>
            </param>
            <param index="2">
              <value>
                <![CDATA[Account Login]]>
              </value>
            </param>
          </params>
          <reporter-output>
          </reporter-output>
        </test-method> <!-- loginTest -->
        <test-method signature="loginTest(java.lang.String,java.lang.String,java.lang.String)[pri:0, instance:testcases.LoginTest@702657cc]" started-at="2024-08-05T10:56:21 IST" name="loginTest" data-provider="testData" finished-at="2024-08-05T10:56:31 IST" duration-ms="10046" status="PASS">
          <params>
            <param index="0">
              <value>
                <![CDATA[ ]]>
              </value>
            </param>
            <param index="1">
              <value>
                <![CDATA[ ]]>
              </value>
            </param>
            <param index="2">
              <value>
                <![CDATA[Account Login]]>
              </value>
            </param>
          </params>
          <reporter-output>
          </reporter-output>
        </test-method> <!-- loginTest -->
        <test-method signature="loginTest(java.lang.String,java.lang.String,java.lang.String)[pri:0, instance:testcases.LoginTest@702657cc]" started-at="2024-08-05T10:56:31 IST" name="loginTest" data-provider="testData" finished-at="2024-08-05T10:56:43 IST" duration-ms="12116" status="PASS">
          <params>
            <param index="0">
              <value>
                <![CDATA[tom123@gmail.com]]>
              </value>
            </param>
            <param index="1">
              <value>
                <![CDATA[Tom@123]]>
              </value>
            </param>
            <param index="2">
              <value>
                <![CDATA[My Account]]>
              </value>
            </param>
          </params>
          <reporter-output>
          </reporter-output>
        </test-method> <!-- loginTest -->
        <test-method is-config="true" signature="tearDown()[pri:0, instance:testcases.LoginTest@702657cc]" started-at="2024-08-05T10:56:43 IST" name="tearDown" finished-at="2024-08-05T10:56:43 IST" duration-ms="116" status="PASS">
          <reporter-output>
          </reporter-output>
        </test-method> <!-- tearDown -->
      </class> <!-- testcases.LoginTest -->
    </test> <!-- Ecommerce_Login -->
  </suite> <!-- Ecommerce Test Suite -->
</testng-results>
